2022-12-10 11:01:25,093:INFO:PyCaret Supervised Module
2022-12-10 11:01:25,093:INFO:ML Usecase: classification
2022-12-10 11:01:25,093:INFO:version 2.3.5
2022-12-10 11:01:25,093:INFO:Initializing setup()
2022-12-10 11:01:25,093:INFO:setup(target=Survived, ml_usecase=classification, available_plots={'parameter': 'Hyperparameters', 'auc': 'AUC', 'confusion_matrix': 'Confusion Matrix', 'threshold': 'Threshold', 'pr': 'Precision Recall', 'error': 'Prediction Error', 'class_report': 'Class Report', 'rfe': 'Feature Selection', 'learning': 'Learning Curve', 'manifold': 'Manifold Learning', 'calibration': 'Calibration Curve', 'vc': 'Validation Curve', 'dimension': 'Dimensions', 'feature': 'Feature Importance', 'feature_all': 'Feature Importance (All)', 'boundary': 'Decision Boundary', 'lift': 'Lift Chart', 'gain': 'Gain Chart', 'tree': 'Decision Tree', 'ks': 'KS Statistic Plot'}, train_size=0.7, test_data=None, preprocess=True, imputation_type=simple, iterative_imputation_iters=5, categorical_features=None, categorical_imputation=constant, categorical_iterative_imputer=lightgbm, ordinal_features=None, high_cardinality_features=None, high_cardinality_method=frequency, numeric_features=None, numeric_imputation=mean, numeric_iterative_imputer=lightgbm, date_features=None, ignore_features=None, normalize=False, normalize_method=zscore, transformation=False, transformation_method=yeo-johnson, handle_unknown_categorical=True, unknown_categorical_method=least_frequent, pca=False, pca_method=linear, pca_components=None, ignore_low_variance=False, combine_rare_levels=False, rare_level_threshold=0.1, bin_numeric_features=None, remove_outliers=False, outliers_threshold=0.05, remove_multicollinearity=False, multicollinearity_threshold=0.9, remove_perfect_collinearity=True, create_clusters=False, cluster_iter=20, polynomial_features=False, polynomial_degree=2, trigonometry_features=False, polynomial_threshold=0.1, group_features=None, group_names=None, feature_selection=False, feature_selection_threshold=0.8, feature_selection_method=classic, feature_interaction=False, feature_ratio=False, interaction_threshold=0.01, fix_imbalance=False, fix_imbalance_method=None, transform_target=False, transform_target_method=box-cox, data_split_shuffle=True, data_split_stratify=False, fold_strategy=stratifiedkfold, fold=10, fold_shuffle=False, fold_groups=None, n_jobs=-1, use_gpu=False, custom_pipeline=None, html=True, session_id=123, log_experiment=False, experiment_name=None, log_plots=False, log_profile=False, log_data=False, silent=False, verbose=True, profile=False, profile_kwargs=None, display=None)
2022-12-10 11:01:25,093:INFO:Checking environment
2022-12-10 11:01:25,093:INFO:python_version: 3.7.15
2022-12-10 11:01:25,093:INFO:python_build: ('default', 'Nov  7 2022 22:00:21')
2022-12-10 11:01:25,093:INFO:machine: x86_64
2022-12-10 11:01:25,094:INFO:platform: Linux-5.4.0-58-generic-x86_64-with-debian-bullseye-sid
2022-12-10 11:01:25,094:INFO:Memory: svmem(total=8129552384, available=1140113408, percent=86.0, used=6387146752, free=167391232, active=3941699584, inactive=991498240, buffers=110809088, cached=1464205312, shared=341413888, slab=1100230656)
2022-12-10 11:01:25,095:INFO:Physical Core: 2
2022-12-10 11:01:25,095:INFO:Logical Core: 4
2022-12-10 11:01:25,095:INFO:Checking libraries
2022-12-10 11:01:25,095:INFO:pd==1.3.5
2022-12-10 11:01:25,095:INFO:numpy==1.21.5
2022-12-10 11:01:25,095:INFO:sklearn==0.23.2
2022-12-10 11:01:25,095:INFO:lightgbm==3.3.1
2022-12-10 11:01:25,095:WARNING:catboost not found
2022-12-10 11:01:25,095:WARNING:xgboost not found
2022-12-10 11:01:25,516:INFO:mlflow==1.21.0
2022-12-10 11:01:25,516:INFO:Checking Exceptions
2022-12-10 11:01:25,517:INFO:Declaring global variables
2022-12-10 11:01:25,517:INFO:USI: 9726
2022-12-10 11:01:25,517:INFO:pycaret_globals: {'fold_shuffle_param', 'iterative_imputation_iters_param', 'fix_imbalance_param', '_gpu_n_jobs_param', 'transform_target_method_param', 'imputation_regressor', 'experiment__', 'exp_name_log', 'y_train', 'seed', 'master_model_container', 'fold_groups_param', 'fix_imbalance_method_param', '_all_metrics', 'fold_groups_param_full', 'fold_param', 'X_test', 'html_param', '_all_models_internal', 'y_test', 'USI', 'pycaret_globals', '_internal_pipeline', 'X_train', 'target_param', 'display_container', 'X', '_ml_usecase', 'create_model_container', 'transform_target_param', 'imputation_classifier', '_all_models', 'logging_param', 'gpu_param', 'y', 'stratify_param', '_available_plots', 'n_jobs_param', 'prep_pipe', 'data_before_preprocess', 'log_plots_param', 'fold_generator'}
2022-12-10 11:01:25,517:INFO:Preparing display monitor
2022-12-10 11:01:25,517:INFO:Preparing display monitor
2022-12-10 11:01:25,528:INFO:Importing libraries
2022-12-10 11:01:25,529:INFO:Copying data for preprocessing
2022-12-10 11:01:25,538:INFO:Declaring preprocessing parameters
2022-12-10 11:01:25,540:INFO:Creating preprocessing pipeline
2022-12-10 11:01:25,553:INFO:Preprocessing pipeline created successfully
2022-12-10 11:01:25,554:ERROR:(Process Exit): setup has been interupted with user command 'quit'. setup must rerun.
2022-12-10 11:01:25,554:INFO:Creating global containers
2022-12-10 11:01:25,556:INFO:Internal pipeline: Pipeline(memory=None, steps=[('empty_step', 'passthrough')], verbose=False)
2022-12-10 11:01:27,659:WARNING:Couldn't import xgboost.XGBClassifier
2022-12-10 11:01:27,660:WARNING:Couldn't import catboost.CatBoostClassifier
2022-12-10 11:01:27,724:WARNING:Couldn't import xgboost.XGBClassifier
2022-12-10 11:01:27,724:WARNING:Couldn't import catboost.CatBoostClassifier
2022-12-10 11:01:27,725:INFO:Creating grid variables
2022-12-10 11:01:27,737:INFO:create_model_container: 0
2022-12-10 11:01:27,738:INFO:master_model_container: 0
2022-12-10 11:01:27,738:INFO:display_container: 1
2022-12-10 11:01:27,742:INFO:Pipeline(memory=None,
         steps=[('dtypes',
                 DataTypes_Auto_infer(categorical_features=[],
                                      display_types=True, features_todrop=[],
                                      id_columns=['PassengerId'],
                                      ml_usecase='classification',
                                      numerical_features=[], target='Survived',
                                      time_features=[])),
                ('imputer',
                 Simple_Imputer(categorical_strategy='not_available',
                                fill_value_categorical=None,
                                fill_value_numerical=Non...
                ('scaling', 'passthrough'), ('P_transform', 'passthrough'),
                ('binn', 'passthrough'), ('rem_outliers', 'passthrough'),
                ('cluster_all', 'passthrough'),
                ('dummy', Dummify(target='Survived')),
                ('fix_perfect', Remove_100(target='Survived')),
                ('clean_names', Clean_Colum_Names()),
                ('feature_select', 'passthrough'), ('fix_multi', 'passthrough'),
                ('dfs', 'passthrough'), ('pca', 'passthrough')],
         verbose=False)
2022-12-10 11:01:27,742:INFO:setup() succesfully completed......................................
2022-12-10 11:02:39,397:INFO:PyCaret Supervised Module
2022-12-10 11:02:39,397:INFO:ML Usecase: classification
2022-12-10 11:02:39,397:INFO:version 2.3.5
2022-12-10 11:02:39,397:INFO:Initializing setup()
2022-12-10 11:02:39,397:INFO:setup(target=species, ml_usecase=classification, available_plots={'parameter': 'Hyperparameters', 'auc': 'AUC', 'confusion_matrix': 'Confusion Matrix', 'threshold': 'Threshold', 'pr': 'Precision Recall', 'error': 'Prediction Error', 'class_report': 'Class Report', 'rfe': 'Feature Selection', 'learning': 'Learning Curve', 'manifold': 'Manifold Learning', 'calibration': 'Calibration Curve', 'vc': 'Validation Curve', 'dimension': 'Dimensions', 'feature': 'Feature Importance', 'feature_all': 'Feature Importance (All)', 'boundary': 'Decision Boundary', 'lift': 'Lift Chart', 'gain': 'Gain Chart', 'tree': 'Decision Tree', 'ks': 'KS Statistic Plot'}, train_size=0.7, test_data=None, preprocess=True, imputation_type=simple, iterative_imputation_iters=5, categorical_features=None, categorical_imputation=constant, categorical_iterative_imputer=lightgbm, ordinal_features=None, high_cardinality_features=None, high_cardinality_method=frequency, numeric_features=None, numeric_imputation=mean, numeric_iterative_imputer=lightgbm, date_features=None, ignore_features=None, normalize=False, normalize_method=zscore, transformation=False, transformation_method=yeo-johnson, handle_unknown_categorical=True, unknown_categorical_method=least_frequent, pca=False, pca_method=linear, pca_components=None, ignore_low_variance=False, combine_rare_levels=False, rare_level_threshold=0.1, bin_numeric_features=None, remove_outliers=False, outliers_threshold=0.05, remove_multicollinearity=False, multicollinearity_threshold=0.9, remove_perfect_collinearity=True, create_clusters=False, cluster_iter=20, polynomial_features=False, polynomial_degree=2, trigonometry_features=False, polynomial_threshold=0.1, group_features=None, group_names=None, feature_selection=False, feature_selection_threshold=0.8, feature_selection_method=classic, feature_interaction=False, feature_ratio=False, interaction_threshold=0.01, fix_imbalance=False, fix_imbalance_method=None, transform_target=False, transform_target_method=box-cox, data_split_shuffle=True, data_split_stratify=False, fold_strategy=stratifiedkfold, fold=10, fold_shuffle=False, fold_groups=None, n_jobs=-1, use_gpu=False, custom_pipeline=None, html=True, session_id=123, log_experiment=False, experiment_name=None, log_plots=False, log_profile=False, log_data=False, silent=False, verbose=True, profile=False, profile_kwargs=None, display=None)
2022-12-10 11:02:39,397:INFO:Checking environment
2022-12-10 11:02:39,398:INFO:python_version: 3.7.15
2022-12-10 11:02:39,398:INFO:python_build: ('default', 'Nov  7 2022 22:00:21')
2022-12-10 11:02:39,398:INFO:machine: x86_64
2022-12-10 11:02:39,398:INFO:platform: Linux-5.4.0-58-generic-x86_64-with-debian-bullseye-sid
2022-12-10 11:02:39,398:INFO:Memory: svmem(total=8129552384, available=1194016768, percent=85.3, used=6365437952, free=229830656, active=3965743104, inactive=1023086592, buffers=109428736, cached=1424855040, shared=314322944, slab=1104691200)
2022-12-10 11:02:39,399:INFO:Physical Core: 2
2022-12-10 11:02:39,399:INFO:Logical Core: 4
2022-12-10 11:02:39,399:INFO:Checking libraries
2022-12-10 11:02:39,399:INFO:pd==1.3.5
2022-12-10 11:02:39,399:INFO:numpy==1.21.5
2022-12-10 11:02:39,399:INFO:sklearn==0.23.2
2022-12-10 11:02:39,399:INFO:lightgbm==3.3.1
2022-12-10 11:02:39,400:WARNING:catboost not found
2022-12-10 11:02:39,400:WARNING:xgboost not found
2022-12-10 11:02:39,400:INFO:mlflow==1.21.0
2022-12-10 11:02:39,400:INFO:Checking Exceptions
2022-12-10 11:02:39,401:INFO:Declaring global variables
2022-12-10 11:02:39,401:INFO:USI: 6b62
2022-12-10 11:02:39,401:INFO:pycaret_globals: {'fold_shuffle_param', 'iterative_imputation_iters_param', 'fix_imbalance_param', '_gpu_n_jobs_param', 'transform_target_method_param', 'imputation_regressor', 'experiment__', 'exp_name_log', 'y_train', 'seed', 'master_model_container', 'fold_groups_param', 'fix_imbalance_method_param', '_all_metrics', 'fold_groups_param_full', 'fold_param', 'X_test', 'html_param', '_all_models_internal', 'y_test', 'USI', 'pycaret_globals', '_internal_pipeline', 'X_train', 'target_param', 'display_container', 'X', '_ml_usecase', 'create_model_container', 'transform_target_param', 'imputation_classifier', '_all_models', 'logging_param', 'gpu_param', 'y', 'stratify_param', '_available_plots', 'n_jobs_param', 'prep_pipe', 'data_before_preprocess', 'log_plots_param', 'fold_generator'}
2022-12-10 11:02:39,401:INFO:Preparing display monitor
2022-12-10 11:02:39,401:INFO:Preparing display monitor
2022-12-10 11:02:39,419:INFO:Importing libraries
2022-12-10 11:02:39,419:INFO:Copying data for preprocessing
2022-12-10 11:02:39,429:INFO:Declaring preprocessing parameters
2022-12-10 11:02:39,431:INFO:Creating preprocessing pipeline
2022-12-10 11:02:39,435:INFO:Preprocessing pipeline created successfully
2022-12-10 11:02:39,435:ERROR:(Process Exit): setup has been interupted with user command 'quit'. setup must rerun.
2022-12-10 11:02:39,435:INFO:Creating global containers
2022-12-10 11:02:39,436:INFO:Internal pipeline: Pipeline(memory=None, steps=[('empty_step', 'passthrough')], verbose=False)
2022-12-10 11:02:40,856:WARNING:Couldn't import xgboost.XGBClassifier
2022-12-10 11:02:40,856:WARNING:Couldn't import catboost.CatBoostClassifier
2022-12-10 11:02:40,918:WARNING:Couldn't import xgboost.XGBClassifier
2022-12-10 11:02:40,919:WARNING:Couldn't import catboost.CatBoostClassifier
2022-12-10 11:02:40,919:INFO:Creating grid variables
2022-12-10 11:02:40,931:INFO:create_model_container: 0
2022-12-10 11:02:40,931:INFO:master_model_container: 0
2022-12-10 11:02:40,931:INFO:display_container: 1
2022-12-10 11:02:40,937:INFO:Pipeline(memory=None,
         steps=[('dtypes',
                 DataTypes_Auto_infer(categorical_features=[],
                                      display_types=True, features_todrop=[],
                                      id_columns=[],
                                      ml_usecase='classification',
                                      numerical_features=[], target='species',
                                      time_features=[])),
                ('imputer',
                 Simple_Imputer(categorical_strategy='not_available',
                                fill_value_categorical=None,
                                fill_value_numerical=None,
                                numeric_stra...
                ('scaling', 'passthrough'), ('P_transform', 'passthrough'),
                ('binn', 'passthrough'), ('rem_outliers', 'passthrough'),
                ('cluster_all', 'passthrough'),
                ('dummy', Dummify(target='species')),
                ('fix_perfect', Remove_100(target='species')),
                ('clean_names', Clean_Colum_Names()),
                ('feature_select', 'passthrough'), ('fix_multi', 'passthrough'),
                ('dfs', 'passthrough'), ('pca', 'passthrough')],
         verbose=False)
2022-12-10 11:02:40,937:INFO:setup() succesfully completed......................................
2022-12-10 11:04:19,542:INFO:PyCaret Supervised Module
2022-12-10 11:04:19,542:INFO:ML Usecase: classification
2022-12-10 11:04:19,542:INFO:version 2.3.10
2022-12-10 11:04:19,542:INFO:Initializing setup()
2022-12-10 11:04:19,542:INFO:setup(target=Survived, ml_usecase=classification, available_plots={'parameter': 'Hyperparameters', 'auc': 'AUC', 'confusion_matrix': 'Confusion Matrix', 'threshold': 'Threshold', 'pr': 'Precision Recall', 'error': 'Prediction Error', 'class_report': 'Class Report', 'rfe': 'Feature Selection', 'learning': 'Learning Curve', 'manifold': 'Manifold Learning', 'calibration': 'Calibration Curve', 'vc': 'Validation Curve', 'dimension': 'Dimensions', 'feature': 'Feature Importance', 'feature_all': 'Feature Importance (All)', 'boundary': 'Decision Boundary', 'lift': 'Lift Chart', 'gain': 'Gain Chart', 'tree': 'Decision Tree', 'ks': 'KS Statistic Plot'}, train_size=0.7, test_data=None, preprocess=True, imputation_type=simple, iterative_imputation_iters=5, categorical_features=None, categorical_imputation=constant, categorical_iterative_imputer=lightgbm, ordinal_features=None, high_cardinality_features=None, high_cardinality_method=frequency, numeric_features=None, numeric_imputation=mean, numeric_iterative_imputer=lightgbm, date_features=None, ignore_features=None, normalize=False, normalize_method=zscore, transformation=False, transformation_method=yeo-johnson, handle_unknown_categorical=True, unknown_categorical_method=least_frequent, pca=False, pca_method=linear, pca_components=None, ignore_low_variance=False, combine_rare_levels=False, rare_level_threshold=0.1, bin_numeric_features=None, remove_outliers=False, outliers_threshold=0.05, remove_multicollinearity=False, multicollinearity_threshold=0.9, remove_perfect_collinearity=True, create_clusters=False, cluster_iter=20, polynomial_features=False, polynomial_degree=2, trigonometry_features=False, polynomial_threshold=0.1, group_features=None, group_names=None, feature_selection=False, feature_selection_threshold=0.8, feature_selection_method=classic, feature_interaction=False, feature_ratio=False, interaction_threshold=0.01, fix_imbalance=False, fix_imbalance_method=None, transform_target=False, transform_target_method=box-cox, data_split_shuffle=True, data_split_stratify=False, fold_strategy=stratifiedkfold, fold=10, fold_shuffle=False, fold_groups=None, n_jobs=-1, use_gpu=False, custom_pipeline=None, html=True, session_id=123, log_experiment=False, experiment_name=None, experiment_custom_tags=None, log_plots=False, log_profile=False, log_data=False, silent=False, verbose=True, profile=False, profile_kwargs=None, display=None)
2022-12-10 11:04:19,542:INFO:Checking environment
2022-12-10 11:04:19,542:INFO:python_version: 3.7.15
2022-12-10 11:04:19,542:INFO:python_build: ('default', 'Nov  7 2022 22:00:21')
2022-12-10 11:04:19,542:INFO:machine: x86_64
2022-12-10 11:04:19,543:INFO:platform: Linux-5.4.0-58-generic-x86_64-with-debian-bullseye-sid
2022-12-10 11:04:19,543:INFO:Memory: svmem(total=8129552384, available=1018433536, percent=87.5, used=6484480000, free=129789952, active=3746889728, inactive=1227010048, buffers=83623936, cached=1431658496, shared=366415872, slab=1309712384)
2022-12-10 11:04:19,543:INFO:Physical Core: 2
2022-12-10 11:04:19,544:INFO:Logical Core: 4
2022-12-10 11:04:19,544:INFO:Checking libraries
2022-12-10 11:04:19,544:INFO:pd==1.3.5
2022-12-10 11:04:19,544:INFO:numpy==1.19.5
2022-12-10 11:04:19,544:INFO:sklearn==0.23.2
2022-12-10 11:04:19,544:INFO:lightgbm==3.3.1
2022-12-10 11:04:19,544:WARNING:catboost not found
2022-12-10 11:04:19,544:WARNING:xgboost not found
2022-12-10 11:04:19,544:INFO:mlflow==1.21.0
2022-12-10 11:04:19,544:INFO:Checking Exceptions
2022-12-10 11:04:19,544:INFO:Declaring global variables
2022-12-10 11:04:19,544:INFO:USI: 6d24
2022-12-10 11:04:19,544:INFO:pycaret_globals: {'fold_groups_param_full', 'experiment__', 'fold_param', 'fix_imbalance_method_param', 'target_param', 'transform_target_param', '_all_metrics', 'data_before_preprocess', '_ml_usecase', 'y', '_gpu_n_jobs_param', 'X_train', 'pycaret_globals', 'fold_shuffle_param', 'X_test', 'imputation_classifier', 'iterative_imputation_iters_param', '_available_plots', 'create_model_container', 'display_container', 'fold_generator', '_internal_pipeline', 'fix_imbalance_param', 'X', 'prep_pipe', 'dashboard_logger', 'html_param', 'log_plots_param', 'logging_param', 'stratify_param', 'y_train', 'USI', 'y_test', 'imputation_regressor', '_all_models_internal', 'exp_name_log', '_all_models', 'fold_groups_param', 'gpu_param', 'transform_target_method_param', 'seed', 'n_jobs_param', 'master_model_container'}
2022-12-10 11:04:19,544:INFO:Preparing display monitor
2022-12-10 11:04:19,544:INFO:Preparing display monitor
2022-12-10 11:04:19,556:INFO:Importing libraries
2022-12-10 11:04:19,557:INFO:Copying data for preprocessing
2022-12-10 11:04:19,569:INFO:Declaring preprocessing parameters
2022-12-10 11:04:19,571:INFO:Creating preprocessing pipeline
2022-12-10 11:04:19,585:INFO:Preprocessing pipeline created successfully
2022-12-10 11:04:19,585:ERROR:(Process Exit): setup has been interupted with user command 'quit'. setup must rerun.
2022-12-10 11:04:19,586:INFO:Creating global containers
2022-12-10 11:04:19,588:INFO:Internal pipeline: Pipeline(memory=None, steps=[('empty_step', 'passthrough')], verbose=False)
2022-12-10 11:04:21,481:WARNING:Couldn't import xgboost.XGBClassifier
2022-12-10 11:04:21,482:WARNING:Couldn't import catboost.CatBoostClassifier
2022-12-10 11:04:21,545:WARNING:Couldn't import xgboost.XGBClassifier
2022-12-10 11:04:21,546:WARNING:Couldn't import catboost.CatBoostClassifier
2022-12-10 11:04:21,546:INFO:Creating grid variables
2022-12-10 11:04:21,560:INFO:create_model_container: 0
2022-12-10 11:04:21,561:INFO:master_model_container: 0
2022-12-10 11:04:21,561:INFO:display_container: 1
2022-12-10 11:04:21,568:INFO:Pipeline(memory=None,
         steps=[('dtypes',
                 DataTypes_Auto_infer(categorical_features=[],
                                      display_types=True, features_todrop=[],
                                      id_columns=['PassengerId'],
                                      ml_usecase='classification',
                                      numerical_features=[], target='Survived',
                                      time_features=[])),
                ('imputer',
                 Simple_Imputer(categorical_strategy='not_available',
                                fill_value_categorical=None,
                                fill_value_numerical=Non...
                ('scaling', 'passthrough'), ('P_transform', 'passthrough'),
                ('binn', 'passthrough'), ('rem_outliers', 'passthrough'),
                ('cluster_all', 'passthrough'),
                ('dummy', Dummify(target='Survived')),
                ('fix_perfect', Remove_100(target='Survived')),
                ('clean_names', Clean_Colum_Names()),
                ('feature_select', 'passthrough'), ('fix_multi', 'passthrough'),
                ('dfs', 'passthrough'), ('pca', 'passthrough')],
         verbose=False)
2022-12-10 11:04:21,568:INFO:setup() succesfully completed......................................
2022-12-10 11:06:53,693:INFO:PyCaret Supervised Module
2022-12-10 11:06:53,693:INFO:ML Usecase: classification
2022-12-10 11:06:53,693:INFO:version 2.3.10
2022-12-10 11:06:53,693:INFO:Initializing setup()
2022-12-10 11:06:53,694:INFO:setup(target=Survived, ml_usecase=classification, available_plots={'parameter': 'Hyperparameters', 'auc': 'AUC', 'confusion_matrix': 'Confusion Matrix', 'threshold': 'Threshold', 'pr': 'Precision Recall', 'error': 'Prediction Error', 'class_report': 'Class Report', 'rfe': 'Feature Selection', 'learning': 'Learning Curve', 'manifold': 'Manifold Learning', 'calibration': 'Calibration Curve', 'vc': 'Validation Curve', 'dimension': 'Dimensions', 'feature': 'Feature Importance', 'feature_all': 'Feature Importance (All)', 'boundary': 'Decision Boundary', 'lift': 'Lift Chart', 'gain': 'Gain Chart', 'tree': 'Decision Tree', 'ks': 'KS Statistic Plot'}, train_size=0.7, test_data=None, preprocess=True, imputation_type=simple, iterative_imputation_iters=5, categorical_features=None, categorical_imputation=constant, categorical_iterative_imputer=lightgbm, ordinal_features=None, high_cardinality_features=None, high_cardinality_method=frequency, numeric_features=None, numeric_imputation=mean, numeric_iterative_imputer=lightgbm, date_features=None, ignore_features=None, normalize=False, normalize_method=zscore, transformation=False, transformation_method=yeo-johnson, handle_unknown_categorical=True, unknown_categorical_method=least_frequent, pca=False, pca_method=linear, pca_components=None, ignore_low_variance=False, combine_rare_levels=False, rare_level_threshold=0.1, bin_numeric_features=None, remove_outliers=False, outliers_threshold=0.05, remove_multicollinearity=False, multicollinearity_threshold=0.9, remove_perfect_collinearity=True, create_clusters=False, cluster_iter=20, polynomial_features=False, polynomial_degree=2, trigonometry_features=False, polynomial_threshold=0.1, group_features=None, group_names=None, feature_selection=False, feature_selection_threshold=0.8, feature_selection_method=classic, feature_interaction=False, feature_ratio=False, interaction_threshold=0.01, fix_imbalance=False, fix_imbalance_method=None, transform_target=False, transform_target_method=box-cox, data_split_shuffle=True, data_split_stratify=False, fold_strategy=stratifiedkfold, fold=10, fold_shuffle=False, fold_groups=None, n_jobs=-1, use_gpu=False, custom_pipeline=None, html=True, session_id=123, log_experiment=False, experiment_name=None, experiment_custom_tags=None, log_plots=False, log_profile=False, log_data=False, silent=False, verbose=True, profile=False, profile_kwargs=None, display=None)
2022-12-10 11:06:53,694:INFO:Checking environment
2022-12-10 11:06:53,694:INFO:python_version: 3.7.15
2022-12-10 11:06:53,694:INFO:python_build: ('default', 'Nov  7 2022 22:00:21')
2022-12-10 11:06:53,694:INFO:machine: x86_64
2022-12-10 11:06:53,694:INFO:platform: Linux-5.4.0-58-generic-x86_64-with-debian-bullseye-sid
2022-12-10 11:06:53,694:INFO:Memory: svmem(total=8129552384, available=1547104256, percent=81.0, used=5979922432, free=986906624, active=3555848192, inactive=1014099968, buffers=34721792, cached=1128001536, shared=345333760, slab=1149489152)
2022-12-10 11:06:53,695:INFO:Physical Core: 2
2022-12-10 11:06:53,695:INFO:Logical Core: 4
2022-12-10 11:06:53,695:INFO:Checking libraries
2022-12-10 11:06:53,695:INFO:pd==1.3.5
2022-12-10 11:06:53,695:INFO:numpy==1.19.5
2022-12-10 11:06:53,695:INFO:sklearn==0.23.2
2022-12-10 11:06:53,695:INFO:lightgbm==3.3.1
2022-12-10 11:06:53,695:WARNING:catboost not found
2022-12-10 11:06:53,714:INFO:xgboost==1.6.2
2022-12-10 11:06:53,715:INFO:mlflow==1.21.0
2022-12-10 11:06:53,715:INFO:Checking Exceptions
2022-12-10 11:06:53,715:INFO:Declaring global variables
2022-12-10 11:06:53,715:INFO:USI: 10fe
2022-12-10 11:06:53,715:INFO:pycaret_globals: {'prep_pipe', '_gpu_n_jobs_param', 'gpu_param', 'y', 'transform_target_param', 'create_model_container', 'fold_generator', 'pycaret_globals', 'imputation_classifier', 'dashboard_logger', '_all_models_internal', 'transform_target_method_param', '_all_models', 'logging_param', 'iterative_imputation_iters_param', 'data_before_preprocess', 'log_plots_param', 'fold_groups_param_full', 'fix_imbalance_method_param', 'n_jobs_param', 'exp_name_log', 'fold_groups_param', 'y_test', 'X_train', 'fold_param', 'master_model_container', 'experiment__', 'display_container', 'USI', 'stratify_param', 'X', 'fold_shuffle_param', '_available_plots', 'y_train', 'imputation_regressor', '_ml_usecase', 'X_test', 'target_param', 'fix_imbalance_param', 'html_param', '_internal_pipeline', 'seed', '_all_metrics'}
2022-12-10 11:06:53,715:INFO:Preparing display monitor
2022-12-10 11:06:53,715:INFO:Preparing display monitor
2022-12-10 11:06:53,726:INFO:Importing libraries
2022-12-10 11:06:53,726:INFO:Copying data for preprocessing
2022-12-10 11:06:53,735:INFO:Declaring preprocessing parameters
2022-12-10 11:06:53,737:INFO:Creating preprocessing pipeline
2022-12-10 11:06:53,750:INFO:Preprocessing pipeline created successfully
2022-12-10 11:06:53,751:ERROR:(Process Exit): setup has been interupted with user command 'quit'. setup must rerun.
2022-12-10 11:06:53,751:INFO:Creating global containers
2022-12-10 11:06:53,753:INFO:Internal pipeline: Pipeline(memory=None, steps=[('empty_step', 'passthrough')], verbose=False)
2022-12-10 11:06:55,961:WARNING:Couldn't import catboost.CatBoostClassifier
2022-12-10 11:06:56,021:WARNING:Couldn't import catboost.CatBoostClassifier
2022-12-10 11:06:56,021:INFO:Creating grid variables
2022-12-10 11:06:56,033:INFO:create_model_container: 0
2022-12-10 11:06:56,034:INFO:master_model_container: 0
2022-12-10 11:06:56,034:INFO:display_container: 1
2022-12-10 11:06:56,038:INFO:Pipeline(memory=None,
         steps=[('dtypes',
                 DataTypes_Auto_infer(categorical_features=[],
                                      display_types=True, features_todrop=[],
                                      id_columns=['PassengerId'],
                                      ml_usecase='classification',
                                      numerical_features=[], target='Survived',
                                      time_features=[])),
                ('imputer',
                 Simple_Imputer(categorical_strategy='not_available',
                                fill_value_categorical=None,
                                fill_value_numerical=Non...
                ('scaling', 'passthrough'), ('P_transform', 'passthrough'),
                ('binn', 'passthrough'), ('rem_outliers', 'passthrough'),
                ('cluster_all', 'passthrough'),
                ('dummy', Dummify(target='Survived')),
                ('fix_perfect', Remove_100(target='Survived')),
                ('clean_names', Clean_Colum_Names()),
                ('feature_select', 'passthrough'), ('fix_multi', 'passthrough'),
                ('dfs', 'passthrough'), ('pca', 'passthrough')],
         verbose=False)
2022-12-10 11:06:56,038:INFO:setup() succesfully completed......................................
2022-12-10 11:06:58,695:INFO:Initializing get_config()
2022-12-10 11:06:58,696:INFO:get_config(variable=data_before_preprocess)
2022-12-10 11:06:58,701:INFO:Global variable: data_before_preprocess returned as      PassengerId  Survived  Pclass  \
0              1         0       3   
1              2         1       1   
2              3         1       3   
3              4         1       1   
4              5         0       3   
..           ...       ...     ...   
886          887         0       2   
887          888         1       1   
888          889         0       3   
889          890         1       1   
890          891         0       3   

                                                    Name     Sex   Age  SibSp  \
0                                Braund, Mr. Owen Harris    male  22.0      1   
1    Cumings, Mrs. John Bradley (Florence Briggs Thayer)  female  38.0      1   
2                                 Heikkinen, Miss. Laina  female  26.0      0   
3           Futrelle, Mrs. Jacques Heath (Lily May Peel)  female  35.0      1   
4                               Allen, Mr. William Henry    male  35.0      0   
..                                                   ...     ...   ...    ...   
886                                Montvila, Rev. Juozas    male  27.0      0   
887                         Graham, Miss. Margaret Edith  female  19.0      0   
888             Johnston, Miss. Catherine Helen "Carrie"  female   NaN      1   
889                                Behr, Mr. Karl Howell    male  26.0      0   
890                                  Dooley, Mr. Patrick    male  32.0      0   

     Parch            Ticket     Fare Cabin Embarked  
0        0         A/5 21171   7.2500   NaN        S  
1        0          PC 17599  71.2833   C85        C  
2        0  STON/O2. 3101282   7.9250   NaN        S  
3        0            113803  53.1000  C123        S  
4        0            373450   8.0500   NaN        S  
..     ...               ...      ...   ...      ...  
886      0            211536  13.0000   NaN        S  
887      0            112053  30.0000   B42        S  
888      2        W./C. 6607  23.4500   NaN        S  
889      0            111369  30.0000  C148        C  
890      0            370376   7.7500   NaN        Q  

[891 rows x 12 columns]
2022-12-10 11:06:58,702:INFO:get_config() succesfully completed......................................
2022-12-10 11:06:58,702:INFO:Initializing get_config()
2022-12-10 11:06:58,702:INFO:get_config(variable=prep_pipe)
2022-12-10 11:06:58,705:INFO:Global variable: prep_pipe returned as Pipeline(memory=None,
         steps=[('dtypes',
                 DataTypes_Auto_infer(categorical_features=[],
                                      display_types=True, features_todrop=[],
                                      id_columns=['PassengerId'],
                                      ml_usecase='classification',
                                      numerical_features=[], target='Survived',
                                      time_features=[])),
                ('imputer',
                 Simple_Imputer(categorical_strategy='not_available',
                                fill_value_categorical=None,
                                fill_value_numerical=Non...
                ('scaling', 'passthrough'), ('P_transform', 'passthrough'),
                ('binn', 'passthrough'), ('rem_outliers', 'passthrough'),
                ('cluster_all', 'passthrough'),
                ('dummy', Dummify(target='Survived')),
                ('fix_perfect', Remove_100(target='Survived')),
                ('clean_names', Clean_Colum_Names()),
                ('feature_select', 'passthrough'), ('fix_multi', 'passthrough'),
                ('dfs', 'passthrough'), ('pca', 'passthrough')],
         verbose=False)
2022-12-10 11:06:58,705:INFO:get_config() succesfully completed......................................
2022-12-11 15:10:46,474:INFO:PyCaret Supervised Module
2022-12-11 15:10:46,474:INFO:ML Usecase: classification
2022-12-11 15:10:46,474:INFO:version 2.3.10
2022-12-11 15:10:46,474:INFO:Initializing setup()
2022-12-11 15:10:46,474:INFO:setup(display=None, profile_kwargs=None, profile=False, verbose=True, silent=False, log_data=False, log_profile=False, log_plots=False, experiment_custom_tags=None, experiment_name=None, log_experiment=False, session_id=123, html=True, custom_pipeline=None, use_gpu=False, n_jobs=-1, fold_groups=None, fold_shuffle=False, fold=10, fold_strategy=stratifiedkfold, data_split_stratify=False, data_split_shuffle=True, transform_target_method=box-cox, transform_target=False, fix_imbalance_method=None, fix_imbalance=False, interaction_threshold=0.01, feature_ratio=False, feature_interaction=False, feature_selection_method=classic, feature_selection_threshold=0.8, feature_selection=False, group_names=None, group_features=None, polynomial_threshold=0.1, trigonometry_features=False, polynomial_degree=2, polynomial_features=False, cluster_iter=20, create_clusters=False, remove_perfect_collinearity=True, multicollinearity_threshold=0.9, remove_multicollinearity=False, outliers_threshold=0.05, remove_outliers=False, bin_numeric_features=None, rare_level_threshold=0.1, combine_rare_levels=False, ignore_low_variance=False, pca_components=None, pca_method=linear, pca=False, unknown_categorical_method=least_frequent, handle_unknown_categorical=True, transformation_method=yeo-johnson, transformation=False, normalize_method=zscore, normalize=False, ignore_features=None, date_features=None, numeric_iterative_imputer=lightgbm, numeric_imputation=mean, numeric_features=None, high_cardinality_method=frequency, high_cardinality_features=None, ordinal_features=None, categorical_iterative_imputer=lightgbm, categorical_imputation=constant, categorical_features=None, iterative_imputation_iters=5, imputation_type=simple, preprocess=True, test_data=None, train_size=0.7, available_plots={'parameter': 'Hyperparameters', 'auc': 'AUC', 'confusion_matrix': 'Confusion Matrix', 'threshold': 'Threshold', 'pr': 'Precision Recall', 'error': 'Prediction Error', 'class_report': 'Class Report', 'rfe': 'Feature Selection', 'learning': 'Learning Curve', 'manifold': 'Manifold Learning', 'calibration': 'Calibration Curve', 'vc': 'Validation Curve', 'dimension': 'Dimensions', 'feature': 'Feature Importance', 'feature_all': 'Feature Importance (All)', 'boundary': 'Decision Boundary', 'lift': 'Lift Chart', 'gain': 'Gain Chart', 'tree': 'Decision Tree', 'ks': 'KS Statistic Plot'}, ml_usecase=classification, target=Survived)
2022-12-11 15:10:46,475:INFO:Checking environment
2022-12-11 15:10:46,475:INFO:python_version: 3.6.13
2022-12-11 15:10:46,475:INFO:python_build: ('default', 'Jun  4 2021 14:25:59')
2022-12-11 15:10:46,475:INFO:machine: x86_64
2022-12-11 15:10:46,476:INFO:platform: Linux-5.4.0-58-generic-x86_64-with-debian-bullseye-sid
2022-12-11 15:10:46,476:WARNING:cannot find psutil installation. memory not traceable. Install psutil using pip to enable memory logging.
2022-12-11 15:10:46,476:INFO:Checking libraries
2022-12-11 15:10:46,476:INFO:pd==1.1.5
2022-12-11 15:10:46,476:INFO:numpy==1.19.5
2022-12-11 15:10:46,476:INFO:sklearn==0.23.2
2022-12-11 15:10:46,476:INFO:lightgbm==3.3.3
2022-12-11 15:10:46,477:WARNING:catboost not found
2022-12-11 15:10:46,477:WARNING:xgboost not found
2022-12-11 15:10:46,477:INFO:mlflow==1.23.1
2022-12-11 15:10:46,477:INFO:Checking Exceptions
2022-12-11 15:10:46,477:INFO:Declaring global variables
2022-12-11 15:10:46,477:INFO:USI: b858
2022-12-11 15:10:46,478:INFO:pycaret_globals: {'html_param', 'dashboard_logger', 'X', 'experiment__', 'master_model_container', 'y_train', 'data_before_preprocess', 'create_model_container', 'fold_shuffle_param', 'fix_imbalance_method_param', '_ml_usecase', 'n_jobs_param', 'exp_name_log', '_all_models_internal', 'iterative_imputation_iters_param', '_all_metrics', 'target_param', 'imputation_regressor', 'log_plots_param', 'transform_target_param', 'fold_param', 'display_container', 'fix_imbalance_param', 'stratify_param', 'y_test', '_available_plots', 'USI', 'X_train', 'fold_groups_param_full', '_gpu_n_jobs_param', 'fold_groups_param', 'seed', 'X_test', 'y', 'logging_param', 'imputation_classifier', 'transform_target_method_param', 'pycaret_globals', 'prep_pipe', 'gpu_param', '_internal_pipeline', '_all_models', 'fold_generator'}
2022-12-11 15:10:46,478:INFO:Preparing display monitor
2022-12-11 15:10:46,478:INFO:Preparing display monitor
2022-12-11 15:10:46,505:INFO:Importing libraries
2022-12-11 15:10:46,505:INFO:Copying data for preprocessing
2022-12-11 15:10:46,528:INFO:Declaring preprocessing parameters
2022-12-11 15:10:46,530:INFO:Creating preprocessing pipeline
2022-12-11 15:10:46,575:INFO:Preprocessing pipeline created successfully
2022-12-11 15:10:46,575:ERROR:(Process Exit): setup has been interupted with user command 'quit'. setup must rerun.
2022-12-11 15:10:46,575:INFO:Creating global containers
2022-12-11 15:10:46,577:INFO:Internal pipeline: Pipeline(memory=None, steps=[('empty_step', 'passthrough')], verbose=False)
2022-12-11 15:10:49,185:WARNING:Couldn't import xgboost.XGBClassifier
2022-12-11 15:10:49,188:WARNING:Couldn't import catboost.CatBoostClassifier
2022-12-11 15:10:49,286:WARNING:Couldn't import xgboost.XGBClassifier
2022-12-11 15:10:49,286:WARNING:Couldn't import catboost.CatBoostClassifier
2022-12-11 15:10:49,287:INFO:Creating grid variables
2022-12-11 15:10:49,437:INFO:create_model_container: 0
2022-12-11 15:10:49,438:INFO:master_model_container: 0
2022-12-11 15:10:49,439:INFO:display_container: 1
2022-12-11 15:10:49,446:INFO:Pipeline(memory=None,
         steps=[('dtypes',
                 DataTypes_Auto_infer(categorical_features=[],
                                      display_types=True, features_todrop=[],
                                      id_columns=['PassengerId'],
                                      ml_usecase='classification',
                                      numerical_features=[], target='Survived',
                                      time_features=[])),
                ('imputer',
                 Simple_Imputer(categorical_strategy='not_available',
                                fill_value_categorical=None,
                                fill_value_numerical=Non...
                ('scaling', 'passthrough'), ('P_transform', 'passthrough'),
                ('binn', 'passthrough'), ('rem_outliers', 'passthrough'),
                ('cluster_all', 'passthrough'),
                ('dummy', Dummify(target='Survived')),
                ('fix_perfect', Remove_100(target='Survived')),
                ('clean_names', Clean_Colum_Names()),
                ('feature_select', 'passthrough'), ('fix_multi', 'passthrough'),
                ('dfs', 'passthrough'), ('pca', 'passthrough')],
         verbose=False)
2022-12-11 15:10:49,446:INFO:setup() succesfully completed......................................
2022-12-11 15:14:20,903:INFO:PyCaret Supervised Module
2022-12-11 15:14:20,903:INFO:ML Usecase: classification
2022-12-11 15:14:20,903:INFO:version 2.3.10
2022-12-11 15:14:20,903:INFO:Initializing setup()
2022-12-11 15:14:20,903:INFO:setup(display=None, profile_kwargs=None, profile=False, verbose=True, silent=False, log_data=False, log_profile=False, log_plots=False, experiment_custom_tags=None, experiment_name=None, log_experiment=False, session_id=123, html=True, custom_pipeline=None, use_gpu=False, n_jobs=-1, fold_groups=None, fold_shuffle=False, fold=10, fold_strategy=stratifiedkfold, data_split_stratify=False, data_split_shuffle=True, transform_target_method=box-cox, transform_target=False, fix_imbalance_method=None, fix_imbalance=False, interaction_threshold=0.01, feature_ratio=False, feature_interaction=False, feature_selection_method=classic, feature_selection_threshold=0.8, feature_selection=False, group_names=None, group_features=None, polynomial_threshold=0.1, trigonometry_features=False, polynomial_degree=2, polynomial_features=False, cluster_iter=20, create_clusters=False, remove_perfect_collinearity=True, multicollinearity_threshold=0.9, remove_multicollinearity=False, outliers_threshold=0.05, remove_outliers=False, bin_numeric_features=None, rare_level_threshold=0.1, combine_rare_levels=False, ignore_low_variance=False, pca_components=None, pca_method=linear, pca=False, unknown_categorical_method=least_frequent, handle_unknown_categorical=True, transformation_method=yeo-johnson, transformation=False, normalize_method=zscore, normalize=False, ignore_features=None, date_features=None, numeric_iterative_imputer=lightgbm, numeric_imputation=mean, numeric_features=None, high_cardinality_method=frequency, high_cardinality_features=None, ordinal_features=None, categorical_iterative_imputer=lightgbm, categorical_imputation=constant, categorical_features=None, iterative_imputation_iters=5, imputation_type=simple, preprocess=True, test_data=None, train_size=0.7, available_plots={'parameter': 'Hyperparameters', 'auc': 'AUC', 'confusion_matrix': 'Confusion Matrix', 'threshold': 'Threshold', 'pr': 'Precision Recall', 'error': 'Prediction Error', 'class_report': 'Class Report', 'rfe': 'Feature Selection', 'learning': 'Learning Curve', 'manifold': 'Manifold Learning', 'calibration': 'Calibration Curve', 'vc': 'Validation Curve', 'dimension': 'Dimensions', 'feature': 'Feature Importance', 'feature_all': 'Feature Importance (All)', 'boundary': 'Decision Boundary', 'lift': 'Lift Chart', 'gain': 'Gain Chart', 'tree': 'Decision Tree', 'ks': 'KS Statistic Plot'}, ml_usecase=classification, target=Survived)
2022-12-11 15:14:20,903:INFO:Checking environment
2022-12-11 15:14:20,904:INFO:python_version: 3.6.13
2022-12-11 15:14:20,904:INFO:python_build: ('default', 'Jun  4 2021 14:25:59')
2022-12-11 15:14:20,904:INFO:machine: x86_64
2022-12-11 15:14:20,904:INFO:platform: Linux-5.4.0-58-generic-x86_64-with-debian-bullseye-sid
2022-12-11 15:14:20,905:WARNING:cannot find psutil installation. memory not traceable. Install psutil using pip to enable memory logging.
2022-12-11 15:14:20,905:INFO:Checking libraries
2022-12-11 15:14:20,905:INFO:pd==1.1.5
2022-12-11 15:14:20,905:INFO:numpy==1.19.5
2022-12-11 15:14:20,905:INFO:sklearn==0.23.2
2022-12-11 15:14:20,905:INFO:lightgbm==3.3.3
2022-12-11 15:14:20,905:WARNING:catboost not found
2022-12-11 15:14:20,983:INFO:xgboost==1.5.2
2022-12-11 15:14:20,984:INFO:mlflow==1.23.1
2022-12-11 15:14:20,984:INFO:Checking Exceptions
2022-12-11 15:14:20,985:INFO:Declaring global variables
2022-12-11 15:14:20,985:INFO:USI: 53e7
2022-12-11 15:14:20,985:INFO:pycaret_globals: {'master_model_container', 'stratify_param', 'y_test', 'seed', 'transform_target_method_param', 'fold_param', 'exp_name_log', '_all_models', '_all_metrics', 'dashboard_logger', 'y', 'USI', 'transform_target_param', 'X', 'n_jobs_param', 'fold_generator', 'html_param', '_internal_pipeline', 'X_test', 'prep_pipe', 'fix_imbalance_method_param', 'fix_imbalance_param', 'X_train', 'target_param', 'iterative_imputation_iters_param', 'create_model_container', 'log_plots_param', 'imputation_regressor', '_ml_usecase', 'gpu_param', 'data_before_preprocess', 'y_train', 'logging_param', '_all_models_internal', 'experiment__', '_gpu_n_jobs_param', 'fold_shuffle_param', 'fold_groups_param_full', '_available_plots', 'imputation_classifier', 'pycaret_globals', 'display_container', 'fold_groups_param'}
2022-12-11 15:14:20,986:INFO:Preparing display monitor
2022-12-11 15:14:20,986:INFO:Preparing display monitor
2022-12-11 15:14:21,033:INFO:Importing libraries
2022-12-11 15:14:21,033:INFO:Copying data for preprocessing
2022-12-11 15:14:21,049:INFO:Declaring preprocessing parameters
2022-12-11 15:14:21,053:INFO:Creating preprocessing pipeline
2022-12-11 15:14:21,087:INFO:Preprocessing pipeline created successfully
2022-12-11 15:14:21,087:ERROR:(Process Exit): setup has been interupted with user command 'quit'. setup must rerun.
2022-12-11 15:14:21,088:INFO:Creating global containers
2022-12-11 15:14:21,090:INFO:Internal pipeline: Pipeline(memory=None, steps=[('empty_step', 'passthrough')], verbose=False)
2022-12-11 15:14:23,804:WARNING:Couldn't import catboost.CatBoostClassifier
2022-12-11 15:14:23,997:WARNING:Couldn't import catboost.CatBoostClassifier
2022-12-11 15:14:23,998:INFO:Creating grid variables
2022-12-11 15:14:24,052:INFO:create_model_container: 0
2022-12-11 15:14:24,052:INFO:master_model_container: 0
2022-12-11 15:14:24,052:INFO:display_container: 1
2022-12-11 15:14:24,063:INFO:Pipeline(memory=None,
         steps=[('dtypes',
                 DataTypes_Auto_infer(categorical_features=[],
                                      display_types=True, features_todrop=[],
                                      id_columns=['PassengerId'],
                                      ml_usecase='classification',
                                      numerical_features=[], target='Survived',
                                      time_features=[])),
                ('imputer',
                 Simple_Imputer(categorical_strategy='not_available',
                                fill_value_categorical=None,
                                fill_value_numerical=Non...
                ('scaling', 'passthrough'), ('P_transform', 'passthrough'),
                ('binn', 'passthrough'), ('rem_outliers', 'passthrough'),
                ('cluster_all', 'passthrough'),
                ('dummy', Dummify(target='Survived')),
                ('fix_perfect', Remove_100(target='Survived')),
                ('clean_names', Clean_Colum_Names()),
                ('feature_select', 'passthrough'), ('fix_multi', 'passthrough'),
                ('dfs', 'passthrough'), ('pca', 'passthrough')],
         verbose=False)
2022-12-11 15:14:24,063:INFO:setup() succesfully completed......................................
2022-12-11 15:15:12,785:INFO:PyCaret Supervised Module
2022-12-11 15:15:12,786:INFO:ML Usecase: classification
2022-12-11 15:15:12,786:INFO:version 2.3.10
2022-12-11 15:15:12,786:INFO:Initializing setup()
2022-12-11 15:15:12,786:INFO:setup(display=None, profile_kwargs=None, profile=False, verbose=True, silent=False, log_data=False, log_profile=False, log_plots=False, experiment_custom_tags=None, experiment_name=None, log_experiment=False, session_id=123, html=True, custom_pipeline=None, use_gpu=False, n_jobs=-1, fold_groups=None, fold_shuffle=False, fold=10, fold_strategy=stratifiedkfold, data_split_stratify=False, data_split_shuffle=True, transform_target_method=box-cox, transform_target=False, fix_imbalance_method=None, fix_imbalance=False, interaction_threshold=0.01, feature_ratio=False, feature_interaction=False, feature_selection_method=classic, feature_selection_threshold=0.8, feature_selection=False, group_names=None, group_features=None, polynomial_threshold=0.1, trigonometry_features=False, polynomial_degree=2, polynomial_features=False, cluster_iter=20, create_clusters=False, remove_perfect_collinearity=True, multicollinearity_threshold=0.9, remove_multicollinearity=False, outliers_threshold=0.05, remove_outliers=False, bin_numeric_features=None, rare_level_threshold=0.1, combine_rare_levels=False, ignore_low_variance=False, pca_components=None, pca_method=linear, pca=False, unknown_categorical_method=least_frequent, handle_unknown_categorical=True, transformation_method=yeo-johnson, transformation=False, normalize_method=zscore, normalize=False, ignore_features=None, date_features=None, numeric_iterative_imputer=lightgbm, numeric_imputation=mean, numeric_features=None, high_cardinality_method=frequency, high_cardinality_features=None, ordinal_features=None, categorical_iterative_imputer=lightgbm, categorical_imputation=constant, categorical_features=None, iterative_imputation_iters=5, imputation_type=simple, preprocess=True, test_data=None, train_size=0.7, available_plots={'parameter': 'Hyperparameters', 'auc': 'AUC', 'confusion_matrix': 'Confusion Matrix', 'threshold': 'Threshold', 'pr': 'Precision Recall', 'error': 'Prediction Error', 'class_report': 'Class Report', 'rfe': 'Feature Selection', 'learning': 'Learning Curve', 'manifold': 'Manifold Learning', 'calibration': 'Calibration Curve', 'vc': 'Validation Curve', 'dimension': 'Dimensions', 'feature': 'Feature Importance', 'feature_all': 'Feature Importance (All)', 'boundary': 'Decision Boundary', 'lift': 'Lift Chart', 'gain': 'Gain Chart', 'tree': 'Decision Tree', 'ks': 'KS Statistic Plot'}, ml_usecase=classification, target=Survived)
2022-12-11 15:15:12,786:INFO:Checking environment
2022-12-11 15:15:12,786:INFO:python_version: 3.6.13
2022-12-11 15:15:12,786:INFO:python_build: ('default', 'Jun  4 2021 14:25:59')
2022-12-11 15:15:12,786:INFO:machine: x86_64
2022-12-11 15:15:12,787:INFO:platform: Linux-5.4.0-58-generic-x86_64-with-debian-bullseye-sid
2022-12-11 15:15:12,787:WARNING:cannot find psutil installation. memory not traceable. Install psutil using pip to enable memory logging.
2022-12-11 15:15:12,788:INFO:Checking libraries
2022-12-11 15:15:12,788:INFO:pd==1.1.5
2022-12-11 15:15:12,788:INFO:numpy==1.19.5
2022-12-11 15:15:12,788:INFO:sklearn==0.23.2
2022-12-11 15:15:12,788:INFO:lightgbm==3.3.3
2022-12-11 15:15:12,788:WARNING:catboost not found
2022-12-11 15:15:12,809:INFO:xgboost==1.5.2
2022-12-11 15:15:12,809:INFO:mlflow==1.23.1
2022-12-11 15:15:12,809:INFO:Checking Exceptions
2022-12-11 15:15:12,809:INFO:Declaring global variables
2022-12-11 15:15:12,809:INFO:USI: 4023
2022-12-11 15:15:12,809:INFO:pycaret_globals: {'imputation_regressor', 'X', 'transform_target_method_param', 'fix_imbalance_method_param', 'y', 'create_model_container', 'USI', 'seed', 'iterative_imputation_iters_param', 'X_train', 'imputation_classifier', 'fold_groups_param', 'fix_imbalance_param', 'y_train', 'display_container', '_all_models_internal', 'gpu_param', 'stratify_param', '_ml_usecase', 'fold_shuffle_param', 'fold_groups_param_full', 'html_param', 'fold_generator', 'transform_target_param', 'y_test', 'exp_name_log', 'n_jobs_param', 'prep_pipe', '_all_models', 'experiment__', 'X_test', 'log_plots_param', 'logging_param', '_all_metrics', '_gpu_n_jobs_param', 'dashboard_logger', 'master_model_container', 'target_param', 'fold_param', '_internal_pipeline', 'pycaret_globals', '_available_plots', 'data_before_preprocess'}
2022-12-11 15:15:12,809:INFO:Preparing display monitor
2022-12-11 15:15:12,809:INFO:Preparing display monitor
2022-12-11 15:15:12,836:INFO:Importing libraries
2022-12-11 15:15:12,836:INFO:Copying data for preprocessing
2022-12-11 15:15:12,847:INFO:Declaring preprocessing parameters
2022-12-11 15:15:12,851:INFO:Creating preprocessing pipeline
2022-12-11 15:15:12,981:INFO:Preprocessing pipeline created successfully
2022-12-11 15:15:12,982:ERROR:(Process Exit): setup has been interupted with user command 'quit'. setup must rerun.
2022-12-11 15:15:12,983:INFO:Creating global containers
2022-12-11 15:15:12,984:INFO:Internal pipeline: Pipeline(memory=None, steps=[('empty_step', 'passthrough')], verbose=False)
2022-12-11 15:15:15,633:WARNING:Couldn't import catboost.CatBoostClassifier
2022-12-11 15:15:15,726:WARNING:Couldn't import catboost.CatBoostClassifier
2022-12-11 15:15:15,727:INFO:Creating grid variables
2022-12-11 15:15:15,758:INFO:create_model_container: 0
2022-12-11 15:15:15,758:INFO:master_model_container: 0
2022-12-11 15:15:15,758:INFO:display_container: 1
2022-12-11 15:15:15,774:INFO:Pipeline(memory=None,
         steps=[('dtypes',
                 DataTypes_Auto_infer(categorical_features=[],
                                      display_types=True, features_todrop=[],
                                      id_columns=['PassengerId'],
                                      ml_usecase='classification',
                                      numerical_features=[], target='Survived',
                                      time_features=[])),
                ('imputer',
                 Simple_Imputer(categorical_strategy='not_available',
                                fill_value_categorical=None,
                                fill_value_numerical=Non...
                ('scaling', 'passthrough'), ('P_transform', 'passthrough'),
                ('binn', 'passthrough'), ('rem_outliers', 'passthrough'),
                ('cluster_all', 'passthrough'),
                ('dummy', Dummify(target='Survived')),
                ('fix_perfect', Remove_100(target='Survived')),
                ('clean_names', Clean_Colum_Names()),
                ('feature_select', 'passthrough'), ('fix_multi', 'passthrough'),
                ('dfs', 'passthrough'), ('pca', 'passthrough')],
         verbose=False)
2022-12-11 15:15:15,775:INFO:setup() succesfully completed......................................
2022-12-11 15:16:22,869:INFO:PyCaret Supervised Module
2022-12-11 15:16:22,869:INFO:ML Usecase: classification
2022-12-11 15:16:22,869:INFO:version 2.3.10
2022-12-11 15:16:22,869:INFO:Initializing setup()
2022-12-11 15:16:22,869:INFO:setup(display=None, profile_kwargs=None, profile=False, verbose=True, silent=False, log_data=False, log_profile=False, log_plots=False, experiment_custom_tags=None, experiment_name=None, log_experiment=False, session_id=123, html=True, custom_pipeline=None, use_gpu=False, n_jobs=-1, fold_groups=None, fold_shuffle=False, fold=10, fold_strategy=stratifiedkfold, data_split_stratify=False, data_split_shuffle=True, transform_target_method=box-cox, transform_target=False, fix_imbalance_method=None, fix_imbalance=False, interaction_threshold=0.01, feature_ratio=False, feature_interaction=False, feature_selection_method=classic, feature_selection_threshold=0.8, feature_selection=False, group_names=None, group_features=None, polynomial_threshold=0.1, trigonometry_features=False, polynomial_degree=2, polynomial_features=False, cluster_iter=20, create_clusters=False, remove_perfect_collinearity=True, multicollinearity_threshold=0.9, remove_multicollinearity=False, outliers_threshold=0.05, remove_outliers=False, bin_numeric_features=None, rare_level_threshold=0.1, combine_rare_levels=False, ignore_low_variance=False, pca_components=None, pca_method=linear, pca=False, unknown_categorical_method=least_frequent, handle_unknown_categorical=True, transformation_method=yeo-johnson, transformation=False, normalize_method=zscore, normalize=False, ignore_features=None, date_features=None, numeric_iterative_imputer=lightgbm, numeric_imputation=mean, numeric_features=None, high_cardinality_method=frequency, high_cardinality_features=None, ordinal_features=None, categorical_iterative_imputer=lightgbm, categorical_imputation=constant, categorical_features=None, iterative_imputation_iters=5, imputation_type=simple, preprocess=True, test_data=None, train_size=0.7, available_plots={'parameter': 'Hyperparameters', 'auc': 'AUC', 'confusion_matrix': 'Confusion Matrix', 'threshold': 'Threshold', 'pr': 'Precision Recall', 'error': 'Prediction Error', 'class_report': 'Class Report', 'rfe': 'Feature Selection', 'learning': 'Learning Curve', 'manifold': 'Manifold Learning', 'calibration': 'Calibration Curve', 'vc': 'Validation Curve', 'dimension': 'Dimensions', 'feature': 'Feature Importance', 'feature_all': 'Feature Importance (All)', 'boundary': 'Decision Boundary', 'lift': 'Lift Chart', 'gain': 'Gain Chart', 'tree': 'Decision Tree', 'ks': 'KS Statistic Plot'}, ml_usecase=classification, target=Survived)
2022-12-11 15:16:22,869:INFO:Checking environment
2022-12-11 15:16:22,869:INFO:python_version: 3.6.13
2022-12-11 15:16:22,869:INFO:python_build: ('default', 'Jun  4 2021 14:25:59')
2022-12-11 15:16:22,869:INFO:machine: x86_64
2022-12-11 15:16:22,870:INFO:platform: Linux-5.4.0-58-generic-x86_64-with-debian-bullseye-sid
2022-12-11 15:16:22,870:WARNING:cannot find psutil installation. memory not traceable. Install psutil using pip to enable memory logging.
2022-12-11 15:16:22,871:INFO:Checking libraries
2022-12-11 15:16:22,871:INFO:pd==1.1.5
2022-12-11 15:16:22,871:INFO:numpy==1.19.5
2022-12-11 15:16:22,871:INFO:sklearn==0.23.2
2022-12-11 15:16:22,871:INFO:lightgbm==3.3.3
2022-12-11 15:16:22,871:WARNING:catboost not found
2022-12-11 15:16:22,902:INFO:xgboost==1.5.2
2022-12-11 15:16:22,903:INFO:mlflow==1.23.1
2022-12-11 15:16:22,903:INFO:Checking Exceptions
2022-12-11 15:16:22,903:INFO:Declaring global variables
2022-12-11 15:16:22,903:INFO:USI: edec
2022-12-11 15:16:22,903:INFO:pycaret_globals: {'experiment__', 'data_before_preprocess', '_ml_usecase', 'display_container', 'prep_pipe', 'fold_groups_param_full', '_internal_pipeline', 'dashboard_logger', 'fold_groups_param', 'logging_param', 'pycaret_globals', 'fold_generator', 'target_param', 'y_test', 'imputation_regressor', 'y', 'X_train', 'transform_target_param', 'html_param', '_all_models_internal', 'y_train', 'fix_imbalance_method_param', 'n_jobs_param', 'imputation_classifier', 'fold_shuffle_param', 'seed', 'fold_param', '_available_plots', 'create_model_container', 'USI', '_all_models', 'iterative_imputation_iters_param', 'X_test', '_gpu_n_jobs_param', '_all_metrics', 'log_plots_param', 'X', 'transform_target_method_param', 'master_model_container', 'gpu_param', 'exp_name_log', 'fix_imbalance_param', 'stratify_param'}
2022-12-11 15:16:22,903:INFO:Preparing display monitor
2022-12-11 15:16:22,903:INFO:Preparing display monitor
2022-12-11 15:16:22,929:INFO:Importing libraries
2022-12-11 15:16:22,930:INFO:Copying data for preprocessing
2022-12-11 15:16:22,942:INFO:Declaring preprocessing parameters
2022-12-11 15:16:22,945:INFO:Creating preprocessing pipeline
2022-12-11 15:16:23,063:INFO:Preprocessing pipeline created successfully
2022-12-11 15:16:23,063:ERROR:(Process Exit): setup has been interupted with user command 'quit'. setup must rerun.
2022-12-11 15:16:23,064:INFO:Creating global containers
2022-12-11 15:16:23,065:INFO:Internal pipeline: Pipeline(memory=None, steps=[('empty_step', 'passthrough')], verbose=False)
2022-12-11 15:16:26,205:WARNING:Couldn't import catboost.CatBoostClassifier
2022-12-11 15:16:26,300:WARNING:Couldn't import catboost.CatBoostClassifier
2022-12-11 15:16:26,301:INFO:Creating grid variables
2022-12-11 15:16:26,338:INFO:create_model_container: 0
2022-12-11 15:16:26,338:INFO:master_model_container: 0
2022-12-11 15:16:26,338:INFO:display_container: 1
2022-12-11 15:16:26,344:INFO:Pipeline(memory=None,
         steps=[('dtypes',
                 DataTypes_Auto_infer(categorical_features=[],
                                      display_types=True, features_todrop=[],
                                      id_columns=['PassengerId'],
                                      ml_usecase='classification',
                                      numerical_features=[], target='Survived',
                                      time_features=[])),
                ('imputer',
                 Simple_Imputer(categorical_strategy='not_available',
                                fill_value_categorical=None,
                                fill_value_numerical=Non...
                ('scaling', 'passthrough'), ('P_transform', 'passthrough'),
                ('binn', 'passthrough'), ('rem_outliers', 'passthrough'),
                ('cluster_all', 'passthrough'),
                ('dummy', Dummify(target='Survived')),
                ('fix_perfect', Remove_100(target='Survived')),
                ('clean_names', Clean_Colum_Names()),
                ('feature_select', 'passthrough'), ('fix_multi', 'passthrough'),
                ('dfs', 'passthrough'), ('pca', 'passthrough')],
         verbose=False)
2022-12-11 15:16:26,344:INFO:setup() succesfully completed......................................
