2022-12-11 16:42:54,837:INFO:PyCaret Supervised Module
2022-12-11 16:42:54,838:INFO:ML Usecase: classification
2022-12-11 16:42:54,838:INFO:version 2.3.10
2022-12-11 16:42:54,838:INFO:Initializing setup()
2022-12-11 16:42:54,838:INFO:setup(display=None, profile_kwargs=None, profile=False, verbose=True, silent=False, log_data=False, log_profile=False, log_plots=False, experiment_custom_tags=None, experiment_name=None, log_experiment=False, session_id=123, html=True, custom_pipeline=None, use_gpu=False, n_jobs=-1, fold_groups=None, fold_shuffle=False, fold=10, fold_strategy=stratifiedkfold, data_split_stratify=False, data_split_shuffle=True, transform_target_method=box-cox, transform_target=False, fix_imbalance_method=None, fix_imbalance=False, interaction_threshold=0.01, feature_ratio=False, feature_interaction=False, feature_selection_method=classic, feature_selection_threshold=0.8, feature_selection=False, group_names=None, group_features=None, polynomial_threshold=0.1, trigonometry_features=False, polynomial_degree=2, polynomial_features=False, cluster_iter=20, create_clusters=False, remove_perfect_collinearity=True, multicollinearity_threshold=0.9, remove_multicollinearity=False, outliers_threshold=0.05, remove_outliers=False, bin_numeric_features=None, rare_level_threshold=0.1, combine_rare_levels=False, ignore_low_variance=False, pca_components=None, pca_method=linear, pca=False, unknown_categorical_method=least_frequent, handle_unknown_categorical=True, transformation_method=yeo-johnson, transformation=False, normalize_method=zscore, normalize=False, ignore_features=None, date_features=None, numeric_iterative_imputer=lightgbm, numeric_imputation=mean, numeric_features=None, high_cardinality_method=frequency, high_cardinality_features=None, ordinal_features=None, categorical_iterative_imputer=lightgbm, categorical_imputation=constant, categorical_features=None, iterative_imputation_iters=5, imputation_type=simple, preprocess=True, test_data=None, train_size=0.7, available_plots={'parameter': 'Hyperparameters', 'auc': 'AUC', 'confusion_matrix': 'Confusion Matrix', 'threshold': 'Threshold', 'pr': 'Precision Recall', 'error': 'Prediction Error', 'class_report': 'Class Report', 'rfe': 'Feature Selection', 'learning': 'Learning Curve', 'manifold': 'Manifold Learning', 'calibration': 'Calibration Curve', 'vc': 'Validation Curve', 'dimension': 'Dimensions', 'feature': 'Feature Importance', 'feature_all': 'Feature Importance (All)', 'boundary': 'Decision Boundary', 'lift': 'Lift Chart', 'gain': 'Gain Chart', 'tree': 'Decision Tree', 'ks': 'KS Statistic Plot'}, ml_usecase=classification, target=Survived)
2022-12-11 16:42:54,838:INFO:Checking environment
2022-12-11 16:42:54,838:INFO:python_version: 3.6.13
2022-12-11 16:42:54,838:INFO:python_build: ('default', 'Jun  4 2021 14:25:59')
2022-12-11 16:42:54,838:INFO:machine: x86_64
2022-12-11 16:42:54,839:INFO:platform: Linux-5.4.0-58-generic-x86_64-with-debian-bullseye-sid
2022-12-11 16:42:54,839:WARNING:cannot find psutil installation. memory not traceable. Install psutil using pip to enable memory logging.
2022-12-11 16:42:54,839:INFO:Checking libraries
2022-12-11 16:42:54,839:INFO:pd==1.1.5
2022-12-11 16:42:54,839:INFO:numpy==1.19.5
2022-12-11 16:42:54,839:INFO:sklearn==0.23.2
2022-12-11 16:42:54,839:INFO:lightgbm==3.3.3
2022-12-11 16:42:54,839:WARNING:catboost not found
2022-12-11 16:42:54,857:INFO:xgboost==1.5.2
2022-12-11 16:42:54,857:INFO:mlflow==1.23.1
2022-12-11 16:42:54,857:INFO:Checking Exceptions
2022-12-11 16:42:54,857:INFO:Declaring global variables
2022-12-11 16:42:54,857:INFO:USI: 15a9
2022-12-11 16:42:54,857:INFO:pycaret_globals: {'n_jobs_param', 'imputation_regressor', 'iterative_imputation_iters_param', 'fix_imbalance_method_param', 'prep_pipe', 'data_before_preprocess', 'y_train', 'imputation_classifier', 'target_param', 'fold_param', 'fold_groups_param_full', '_ml_usecase', '_internal_pipeline', 'seed', '_all_metrics', 'log_plots_param', '_gpu_n_jobs_param', 'html_param', 'USI', 'logging_param', 'transform_target_method_param', 'master_model_container', 'y_test', 'X_train', 'experiment__', 'fix_imbalance_param', 'dashboard_logger', 'X', 'fold_shuffle_param', '_all_models_internal', '_all_models', 'y', 'create_model_container', 'fold_groups_param', 'exp_name_log', 'gpu_param', 'display_container', '_available_plots', 'transform_target_param', 'fold_generator', 'stratify_param', 'pycaret_globals', 'X_test'}
2022-12-11 16:42:54,857:INFO:Preparing display monitor
2022-12-11 16:42:54,858:INFO:Preparing display monitor
2022-12-11 16:42:54,879:INFO:Importing libraries
2022-12-11 16:42:54,879:INFO:Copying data for preprocessing
2022-12-11 16:42:54,893:INFO:Declaring preprocessing parameters
2022-12-11 16:42:54,980:INFO:Creating preprocessing pipeline
2022-12-11 16:42:55,002:INFO:Preprocessing pipeline created successfully
2022-12-11 16:42:55,003:ERROR:(Process Exit): setup has been interupted with user command 'quit'. setup must rerun.
2022-12-11 16:42:55,003:INFO:Creating global containers
2022-12-11 16:42:55,005:INFO:Internal pipeline: Pipeline(memory=None, steps=[('empty_step', 'passthrough')], verbose=False)
2022-12-11 16:42:59,124:WARNING:Couldn't import catboost.CatBoostClassifier
2022-12-11 16:42:59,199:WARNING:Couldn't import catboost.CatBoostClassifier
2022-12-11 16:42:59,200:INFO:Creating grid variables
2022-12-11 16:42:59,228:INFO:create_model_container: 0
2022-12-11 16:42:59,228:INFO:master_model_container: 0
2022-12-11 16:42:59,229:INFO:display_container: 1
2022-12-11 16:42:59,234:INFO:Pipeline(memory=None,
         steps=[('dtypes',
                 DataTypes_Auto_infer(categorical_features=[],
                                      display_types=True, features_todrop=[],
                                      id_columns=['PassengerId'],
                                      ml_usecase='classification',
                                      numerical_features=[], target='Survived',
                                      time_features=[])),
                ('imputer',
                 Simple_Imputer(categorical_strategy='not_available',
                                fill_value_categorical=None,
                                fill_value_numerical=Non...
                ('scaling', 'passthrough'), ('P_transform', 'passthrough'),
                ('binn', 'passthrough'), ('rem_outliers', 'passthrough'),
                ('cluster_all', 'passthrough'),
                ('dummy', Dummify(target='Survived')),
                ('fix_perfect', Remove_100(target='Survived')),
                ('clean_names', Clean_Colum_Names()),
                ('feature_select', 'passthrough'), ('fix_multi', 'passthrough'),
                ('dfs', 'passthrough'), ('pca', 'passthrough')],
         verbose=False)
2022-12-11 16:42:59,234:INFO:setup() succesfully completed......................................
2022-12-11 16:48:21,911:INFO:PyCaret Supervised Module
2022-12-11 16:48:21,912:INFO:ML Usecase: classification
2022-12-11 16:48:21,912:INFO:version 2.3.10
2022-12-11 16:48:21,912:INFO:Initializing setup()
2022-12-11 16:48:21,912:INFO:setup(display=None, profile_kwargs=None, profile=False, verbose=True, silent=False, log_data=False, log_profile=False, log_plots=False, experiment_custom_tags=None, experiment_name=None, log_experiment=False, session_id=123, html=True, custom_pipeline=None, use_gpu=False, n_jobs=-1, fold_groups=None, fold_shuffle=False, fold=10, fold_strategy=stratifiedkfold, data_split_stratify=False, data_split_shuffle=True, transform_target_method=box-cox, transform_target=False, fix_imbalance_method=None, fix_imbalance=False, interaction_threshold=0.01, feature_ratio=False, feature_interaction=False, feature_selection_method=classic, feature_selection_threshold=0.8, feature_selection=False, group_names=None, group_features=None, polynomial_threshold=0.1, trigonometry_features=False, polynomial_degree=2, polynomial_features=False, cluster_iter=20, create_clusters=False, remove_perfect_collinearity=True, multicollinearity_threshold=0.9, remove_multicollinearity=False, outliers_threshold=0.05, remove_outliers=False, bin_numeric_features=None, rare_level_threshold=0.1, combine_rare_levels=False, ignore_low_variance=False, pca_components=None, pca_method=linear, pca=False, unknown_categorical_method=least_frequent, handle_unknown_categorical=True, transformation_method=yeo-johnson, transformation=False, normalize_method=zscore, normalize=False, ignore_features=None, date_features=None, numeric_iterative_imputer=lightgbm, numeric_imputation=mean, numeric_features=None, high_cardinality_method=frequency, high_cardinality_features=None, ordinal_features=None, categorical_iterative_imputer=lightgbm, categorical_imputation=constant, categorical_features=None, iterative_imputation_iters=5, imputation_type=simple, preprocess=True, test_data=None, train_size=0.7, available_plots={'parameter': 'Hyperparameters', 'auc': 'AUC', 'confusion_matrix': 'Confusion Matrix', 'threshold': 'Threshold', 'pr': 'Precision Recall', 'error': 'Prediction Error', 'class_report': 'Class Report', 'rfe': 'Feature Selection', 'learning': 'Learning Curve', 'manifold': 'Manifold Learning', 'calibration': 'Calibration Curve', 'vc': 'Validation Curve', 'dimension': 'Dimensions', 'feature': 'Feature Importance', 'feature_all': 'Feature Importance (All)', 'boundary': 'Decision Boundary', 'lift': 'Lift Chart', 'gain': 'Gain Chart', 'tree': 'Decision Tree', 'ks': 'KS Statistic Plot'}, ml_usecase=classification, target=Survived)
2022-12-11 16:48:21,912:INFO:Checking environment
2022-12-11 16:48:21,912:INFO:python_version: 3.6.13
2022-12-11 16:48:21,912:INFO:python_build: ('default', 'Jun  4 2021 14:25:59')
2022-12-11 16:48:21,912:INFO:machine: x86_64
2022-12-11 16:48:21,913:INFO:platform: Linux-5.4.0-58-generic-x86_64-with-debian-bullseye-sid
2022-12-11 16:48:21,913:WARNING:cannot find psutil installation. memory not traceable. Install psutil using pip to enable memory logging.
2022-12-11 16:48:21,913:INFO:Checking libraries
2022-12-11 16:48:21,913:INFO:pd==1.1.5
2022-12-11 16:48:21,913:INFO:numpy==1.19.5
2022-12-11 16:48:21,913:INFO:sklearn==0.24.2
2022-12-11 16:49:44,489:INFO:PyCaret Supervised Module
2022-12-11 16:49:44,490:INFO:ML Usecase: classification
2022-12-11 16:49:44,490:INFO:version 2.3.10
2022-12-11 16:49:44,490:INFO:Initializing setup()
2022-12-11 16:49:44,490:INFO:setup(display=None, profile_kwargs=None, profile=False, verbose=True, silent=False, log_data=False, log_profile=False, log_plots=False, experiment_custom_tags=None, experiment_name=None, log_experiment=False, session_id=123, html=True, custom_pipeline=None, use_gpu=False, n_jobs=-1, fold_groups=None, fold_shuffle=False, fold=10, fold_strategy=stratifiedkfold, data_split_stratify=False, data_split_shuffle=True, transform_target_method=box-cox, transform_target=False, fix_imbalance_method=None, fix_imbalance=False, interaction_threshold=0.01, feature_ratio=False, feature_interaction=False, feature_selection_method=classic, feature_selection_threshold=0.8, feature_selection=False, group_names=None, group_features=None, polynomial_threshold=0.1, trigonometry_features=False, polynomial_degree=2, polynomial_features=False, cluster_iter=20, create_clusters=False, remove_perfect_collinearity=True, multicollinearity_threshold=0.9, remove_multicollinearity=False, outliers_threshold=0.05, remove_outliers=False, bin_numeric_features=None, rare_level_threshold=0.1, combine_rare_levels=False, ignore_low_variance=False, pca_components=None, pca_method=linear, pca=False, unknown_categorical_method=least_frequent, handle_unknown_categorical=True, transformation_method=yeo-johnson, transformation=False, normalize_method=zscore, normalize=False, ignore_features=None, date_features=None, numeric_iterative_imputer=lightgbm, numeric_imputation=mean, numeric_features=None, high_cardinality_method=frequency, high_cardinality_features=None, ordinal_features=None, categorical_iterative_imputer=lightgbm, categorical_imputation=constant, categorical_features=None, iterative_imputation_iters=5, imputation_type=simple, preprocess=True, test_data=None, train_size=0.7, available_plots={'parameter': 'Hyperparameters', 'auc': 'AUC', 'confusion_matrix': 'Confusion Matrix', 'threshold': 'Threshold', 'pr': 'Precision Recall', 'error': 'Prediction Error', 'class_report': 'Class Report', 'rfe': 'Feature Selection', 'learning': 'Learning Curve', 'manifold': 'Manifold Learning', 'calibration': 'Calibration Curve', 'vc': 'Validation Curve', 'dimension': 'Dimensions', 'feature': 'Feature Importance', 'feature_all': 'Feature Importance (All)', 'boundary': 'Decision Boundary', 'lift': 'Lift Chart', 'gain': 'Gain Chart', 'tree': 'Decision Tree', 'ks': 'KS Statistic Plot'}, ml_usecase=classification, target=Survived)
2022-12-11 16:49:44,490:INFO:Checking environment
2022-12-11 16:49:44,490:INFO:python_version: 3.6.13
2022-12-11 16:49:44,490:INFO:python_build: ('default', 'Jun  4 2021 14:25:59')
2022-12-11 16:49:44,490:INFO:machine: x86_64
2022-12-11 16:49:44,491:INFO:platform: Linux-5.4.0-58-generic-x86_64-with-debian-bullseye-sid
2022-12-11 16:49:44,491:WARNING:cannot find psutil installation. memory not traceable. Install psutil using pip to enable memory logging.
2022-12-11 16:49:44,491:INFO:Checking libraries
2022-12-11 16:49:44,491:INFO:pd==1.1.5
2022-12-11 16:49:44,491:INFO:numpy==1.19.5
2022-12-11 16:49:44,491:INFO:sklearn==0.23.2
2022-12-11 16:49:44,492:INFO:lightgbm==3.3.3
2022-12-11 16:49:44,492:WARNING:catboost not found
2022-12-11 16:49:44,517:INFO:xgboost==1.5.2
2022-12-11 16:49:44,517:INFO:mlflow==1.23.1
2022-12-11 16:49:44,517:INFO:Checking Exceptions
2022-12-11 16:49:44,517:INFO:Declaring global variables
2022-12-11 16:49:44,517:INFO:USI: fef0
2022-12-11 16:49:44,517:INFO:pycaret_globals: {'X', 'target_param', 'gpu_param', 'exp_name_log', 'prep_pipe', 'fold_groups_param_full', 'logging_param', '_all_models', 'y_train', 'imputation_classifier', 'experiment__', 'transform_target_method_param', 'imputation_regressor', 'pycaret_globals', 'stratify_param', 'html_param', 'X_test', '_available_plots', 'n_jobs_param', 'X_train', 'fold_param', 'y', 'fold_generator', 'fold_shuffle_param', '_ml_usecase', '_all_models_internal', 'fix_imbalance_method_param', '_all_metrics', '_internal_pipeline', '_gpu_n_jobs_param', 'y_test', 'seed', 'iterative_imputation_iters_param', 'create_model_container', 'fold_groups_param', 'display_container', 'dashboard_logger', 'data_before_preprocess', 'transform_target_param', 'USI', 'fix_imbalance_param', 'log_plots_param', 'master_model_container'}
2022-12-11 16:49:44,517:INFO:Preparing display monitor
2022-12-11 16:49:44,518:INFO:Preparing display monitor
2022-12-11 16:49:44,541:INFO:Importing libraries
2022-12-11 16:49:44,541:INFO:Copying data for preprocessing
2022-12-11 16:49:44,561:INFO:Declaring preprocessing parameters
2022-12-11 16:49:44,662:INFO:Creating preprocessing pipeline
2022-12-11 16:49:44,682:INFO:Preprocessing pipeline created successfully
2022-12-11 16:49:44,682:ERROR:(Process Exit): setup has been interupted with user command 'quit'. setup must rerun.
2022-12-11 16:49:44,683:INFO:Creating global containers
2022-12-11 16:49:44,684:INFO:Internal pipeline: Pipeline(memory=None, steps=[('empty_step', 'passthrough')], verbose=False)
2022-12-11 16:49:46,875:WARNING:Couldn't import catboost.CatBoostClassifier
2022-12-11 16:49:46,947:WARNING:Couldn't import catboost.CatBoostClassifier
2022-12-11 16:49:46,948:INFO:Creating grid variables
2022-12-11 16:49:46,968:INFO:create_model_container: 0
2022-12-11 16:49:46,968:INFO:master_model_container: 0
2022-12-11 16:49:46,968:INFO:display_container: 1
2022-12-11 16:49:46,976:INFO:Pipeline(memory=None,
         steps=[('dtypes',
                 DataTypes_Auto_infer(categorical_features=[],
                                      display_types=True, features_todrop=[],
                                      id_columns=['PassengerId'],
                                      ml_usecase='classification',
                                      numerical_features=[], target='Survived',
                                      time_features=[])),
                ('imputer',
                 Simple_Imputer(categorical_strategy='not_available',
                                fill_value_categorical=None,
                                fill_value_numerical=Non...
                ('scaling', 'passthrough'), ('P_transform', 'passthrough'),
                ('binn', 'passthrough'), ('rem_outliers', 'passthrough'),
                ('cluster_all', 'passthrough'),
                ('dummy', Dummify(target='Survived')),
                ('fix_perfect', Remove_100(target='Survived')),
                ('clean_names', Clean_Colum_Names()),
                ('feature_select', 'passthrough'), ('fix_multi', 'passthrough'),
                ('dfs', 'passthrough'), ('pca', 'passthrough')],
         verbose=False)
2022-12-11 16:49:46,976:INFO:setup() succesfully completed......................................
2022-12-11 16:52:46,927:INFO:PyCaret Supervised Module
2022-12-11 16:52:46,927:INFO:ML Usecase: classification
2022-12-11 16:52:46,927:INFO:version 2.3.10
2022-12-11 16:52:46,927:INFO:Initializing setup()
2022-12-11 16:52:46,927:INFO:setup(display=None, profile_kwargs=None, profile=False, verbose=True, silent=False, log_data=False, log_profile=False, log_plots=False, experiment_custom_tags=None, experiment_name=None, log_experiment=False, session_id=123, html=True, custom_pipeline=None, use_gpu=False, n_jobs=-1, fold_groups=None, fold_shuffle=False, fold=10, fold_strategy=stratifiedkfold, data_split_stratify=False, data_split_shuffle=True, transform_target_method=box-cox, transform_target=False, fix_imbalance_method=None, fix_imbalance=False, interaction_threshold=0.01, feature_ratio=False, feature_interaction=False, feature_selection_method=classic, feature_selection_threshold=0.8, feature_selection=False, group_names=None, group_features=None, polynomial_threshold=0.1, trigonometry_features=False, polynomial_degree=2, polynomial_features=False, cluster_iter=20, create_clusters=False, remove_perfect_collinearity=True, multicollinearity_threshold=0.9, remove_multicollinearity=False, outliers_threshold=0.05, remove_outliers=False, bin_numeric_features=None, rare_level_threshold=0.1, combine_rare_levels=False, ignore_low_variance=False, pca_components=None, pca_method=linear, pca=False, unknown_categorical_method=least_frequent, handle_unknown_categorical=True, transformation_method=yeo-johnson, transformation=False, normalize_method=zscore, normalize=False, ignore_features=None, date_features=None, numeric_iterative_imputer=lightgbm, numeric_imputation=mean, numeric_features=None, high_cardinality_method=frequency, high_cardinality_features=None, ordinal_features=None, categorical_iterative_imputer=lightgbm, categorical_imputation=constant, categorical_features=None, iterative_imputation_iters=5, imputation_type=simple, preprocess=True, test_data=None, train_size=0.7, available_plots={'parameter': 'Hyperparameters', 'auc': 'AUC', 'confusion_matrix': 'Confusion Matrix', 'threshold': 'Threshold', 'pr': 'Precision Recall', 'error': 'Prediction Error', 'class_report': 'Class Report', 'rfe': 'Feature Selection', 'learning': 'Learning Curve', 'manifold': 'Manifold Learning', 'calibration': 'Calibration Curve', 'vc': 'Validation Curve', 'dimension': 'Dimensions', 'feature': 'Feature Importance', 'feature_all': 'Feature Importance (All)', 'boundary': 'Decision Boundary', 'lift': 'Lift Chart', 'gain': 'Gain Chart', 'tree': 'Decision Tree', 'ks': 'KS Statistic Plot'}, ml_usecase=classification, target=Survived)
2022-12-11 16:52:46,927:INFO:Checking environment
2022-12-11 16:52:46,927:INFO:python_version: 3.6.13
2022-12-11 16:52:46,927:INFO:python_build: ('default', 'Jun  4 2021 14:25:59')
2022-12-11 16:52:46,927:INFO:machine: x86_64
2022-12-11 16:52:46,928:INFO:platform: Linux-5.4.0-58-generic-x86_64-with-debian-bullseye-sid
2022-12-11 16:52:46,929:WARNING:cannot find psutil installation. memory not traceable. Install psutil using pip to enable memory logging.
2022-12-11 16:52:46,929:INFO:Checking libraries
2022-12-11 16:52:46,929:INFO:pd==1.1.5
2022-12-11 16:52:46,929:INFO:numpy==1.19.5
2022-12-11 16:52:46,929:INFO:sklearn==0.24.2
2022-12-11 16:54:12,529:INFO:PyCaret Supervised Module
2022-12-11 16:54:12,529:INFO:ML Usecase: classification
2022-12-11 16:54:12,529:INFO:version 2.3.10
2022-12-11 16:54:12,529:INFO:Initializing setup()
2022-12-11 16:54:12,530:INFO:setup(display=None, profile_kwargs=None, profile=False, verbose=True, silent=False, log_data=False, log_profile=False, log_plots=False, experiment_custom_tags=None, experiment_name=None, log_experiment=False, session_id=123, html=True, custom_pipeline=None, use_gpu=False, n_jobs=-1, fold_groups=None, fold_shuffle=False, fold=10, fold_strategy=stratifiedkfold, data_split_stratify=False, data_split_shuffle=True, transform_target_method=box-cox, transform_target=False, fix_imbalance_method=None, fix_imbalance=False, interaction_threshold=0.01, feature_ratio=False, feature_interaction=False, feature_selection_method=classic, feature_selection_threshold=0.8, feature_selection=False, group_names=None, group_features=None, polynomial_threshold=0.1, trigonometry_features=False, polynomial_degree=2, polynomial_features=False, cluster_iter=20, create_clusters=False, remove_perfect_collinearity=True, multicollinearity_threshold=0.9, remove_multicollinearity=False, outliers_threshold=0.05, remove_outliers=False, bin_numeric_features=None, rare_level_threshold=0.1, combine_rare_levels=False, ignore_low_variance=False, pca_components=None, pca_method=linear, pca=False, unknown_categorical_method=least_frequent, handle_unknown_categorical=True, transformation_method=yeo-johnson, transformation=False, normalize_method=zscore, normalize=False, ignore_features=None, date_features=None, numeric_iterative_imputer=lightgbm, numeric_imputation=mean, numeric_features=None, high_cardinality_method=frequency, high_cardinality_features=None, ordinal_features=None, categorical_iterative_imputer=lightgbm, categorical_imputation=constant, categorical_features=None, iterative_imputation_iters=5, imputation_type=simple, preprocess=True, test_data=None, train_size=0.7, available_plots={'parameter': 'Hyperparameters', 'auc': 'AUC', 'confusion_matrix': 'Confusion Matrix', 'threshold': 'Threshold', 'pr': 'Precision Recall', 'error': 'Prediction Error', 'class_report': 'Class Report', 'rfe': 'Feature Selection', 'learning': 'Learning Curve', 'manifold': 'Manifold Learning', 'calibration': 'Calibration Curve', 'vc': 'Validation Curve', 'dimension': 'Dimensions', 'feature': 'Feature Importance', 'feature_all': 'Feature Importance (All)', 'boundary': 'Decision Boundary', 'lift': 'Lift Chart', 'gain': 'Gain Chart', 'tree': 'Decision Tree', 'ks': 'KS Statistic Plot'}, ml_usecase=classification, target=Survived)
2022-12-11 16:54:12,530:INFO:Checking environment
2022-12-11 16:54:12,530:INFO:python_version: 3.6.13
2022-12-11 16:54:12,530:INFO:python_build: ('default', 'Jun  4 2021 14:25:59')
2022-12-11 16:54:12,530:INFO:machine: x86_64
2022-12-11 16:54:12,531:INFO:platform: Linux-5.4.0-58-generic-x86_64-with-debian-bullseye-sid
2022-12-11 16:54:12,531:WARNING:cannot find psutil installation. memory not traceable. Install psutil using pip to enable memory logging.
2022-12-11 16:54:12,531:INFO:Checking libraries
2022-12-11 16:54:12,531:INFO:pd==1.1.5
2022-12-11 16:54:12,531:INFO:numpy==1.19.5
2022-12-11 16:54:12,531:INFO:sklearn==0.23.2
2022-12-11 16:54:12,531:INFO:lightgbm==3.3.3
2022-12-11 16:54:12,531:WARNING:catboost not found
2022-12-11 16:54:12,565:INFO:xgboost==1.5.2
2022-12-11 16:54:12,565:INFO:mlflow==1.23.1
2022-12-11 16:54:12,565:INFO:Checking Exceptions
2022-12-11 16:54:12,565:INFO:Declaring global variables
2022-12-11 16:54:12,566:INFO:USI: 995c
2022-12-11 16:54:12,566:INFO:pycaret_globals: {'master_model_container', 'stratify_param', 'y', 'imputation_regressor', 'html_param', 'logging_param', 'iterative_imputation_iters_param', 'target_param', 'fold_groups_param_full', 'USI', '_all_models', 'X', 'create_model_container', 'transform_target_param', 'fix_imbalance_param', '_all_metrics', '_ml_usecase', 'experiment__', '_all_models_internal', '_available_plots', 'fold_shuffle_param', 'pycaret_globals', 'y_test', 'n_jobs_param', 'imputation_classifier', 'seed', 'transform_target_method_param', 'data_before_preprocess', 'dashboard_logger', 'fold_generator', 'prep_pipe', 'fold_param', 'log_plots_param', 'X_test', 'display_container', '_internal_pipeline', 'exp_name_log', 'gpu_param', 'fold_groups_param', 'y_train', '_gpu_n_jobs_param', 'X_train', 'fix_imbalance_method_param'}
2022-12-11 16:54:12,566:INFO:Preparing display monitor
2022-12-11 16:54:12,566:INFO:Preparing display monitor
2022-12-11 16:54:12,602:INFO:Importing libraries
2022-12-11 16:54:12,602:INFO:Copying data for preprocessing
2022-12-11 16:54:12,618:INFO:Declaring preprocessing parameters
2022-12-11 16:54:12,716:INFO:Creating preprocessing pipeline
2022-12-11 16:54:12,731:INFO:Preprocessing pipeline created successfully
2022-12-11 16:54:12,731:ERROR:(Process Exit): setup has been interupted with user command 'quit'. setup must rerun.
2022-12-11 16:54:12,731:INFO:Creating global containers
2022-12-11 16:54:12,733:INFO:Internal pipeline: Pipeline(memory=None, steps=[('empty_step', 'passthrough')], verbose=False)
2022-12-11 16:54:15,107:WARNING:Couldn't import catboost.CatBoostClassifier
2022-12-11 16:54:15,178:WARNING:Couldn't import catboost.CatBoostClassifier
2022-12-11 16:54:15,178:INFO:Creating grid variables
2022-12-11 16:54:15,201:INFO:create_model_container: 0
2022-12-11 16:54:15,201:INFO:master_model_container: 0
2022-12-11 16:54:15,201:INFO:display_container: 1
2022-12-11 16:54:15,211:INFO:Pipeline(memory=None,
         steps=[('dtypes',
                 DataTypes_Auto_infer(categorical_features=[],
                                      display_types=True, features_todrop=[],
                                      id_columns=['PassengerId'],
                                      ml_usecase='classification',
                                      numerical_features=[], target='Survived',
                                      time_features=[])),
                ('imputer',
                 Simple_Imputer(categorical_strategy='not_available',
                                fill_value_categorical=None,
                                fill_value_numerical=Non...
                ('scaling', 'passthrough'), ('P_transform', 'passthrough'),
                ('binn', 'passthrough'), ('rem_outliers', 'passthrough'),
                ('cluster_all', 'passthrough'),
                ('dummy', Dummify(target='Survived')),
                ('fix_perfect', Remove_100(target='Survived')),
                ('clean_names', Clean_Colum_Names()),
                ('feature_select', 'passthrough'), ('fix_multi', 'passthrough'),
                ('dfs', 'passthrough'), ('pca', 'passthrough')],
         verbose=False)
2022-12-11 16:54:15,211:INFO:setup() succesfully completed......................................
